Using pre-set license
Built from '2020.3/staging' branch; Version is '2020.3.8f1 (507919d4fff5) revision 5273881'; Using compiler version '192528614'; Build Type 'Release'
OS: 'Windows 10 Home; OS build 19042.1052; Version 2009; 64bit' Language: 'en' Physical Memory: 16303 MB
BatchMode: 1, IsHumanControllingUs: 0, StartBugReporterOnCrash: 0, Is64bit: 1, IsPro: 0

 COMMAND LINE ARGUMENTS:
C:\Users\Joost\Documents\school\Unity\2020.3.8f1\Editor\Unity.exe
-adb2
-batchMode
-noUpm
-name
AssetImportWorker0
-projectPath
C:/Users/Joost/Documents/school/Space2021/Vire Us
-logFile
Logs/AssetImportWorker0.log
-srvPort
64958
Successfully changed project path to: C:/Users/Joost/Documents/school/Space2021/Vire Us
C:/Users/Joost/Documents/school/Space2021/Vire Us
Using Asset Import Pipeline V2.
Refreshing native plugins compatible for Editor in 32.82 ms, found 1 plugins.
Preloading 0 native plugins for Editor in 0.00 ms.
Initialize engine version: 2020.3.8f1 (507919d4fff5)
[Subsystems] Discovering subsystems at path C:/Users/Joost/Documents/school/Unity/2020.3.8f1/Editor/Data/Resources/UnitySubsystems
[Subsystems] Discovering subsystems at path C:/Users/Joost/Documents/school/Space2021/Vire Us/Assets
GfxDevice: creating device client; threaded=0
Direct3D:
    Version:  Direct3D 11.0 [level 11.1]
    Renderer: NVIDIA GeForce RTX 2060 (ID=0x1f08)
    Vendor:   
    VRAM:     5980 MB
    Driver:   27.21.14.6663
Initialize mono
Mono path[0] = 'C:/Users/Joost/Documents/school/Unity/2020.3.8f1/Editor/Data/Managed'
Mono path[1] = 'C:/Users/Joost/Documents/school/Unity/2020.3.8f1/Editor/Data/MonoBleedingEdge/lib/mono/unityjit'
Mono config path = 'C:/Users/Joost/Documents/school/Unity/2020.3.8f1/Editor/Data/MonoBleedingEdge/etc'
Using monoOptions --debugger-agent=transport=dt_socket,embedding=1,server=y,suspend=n,address=127.0.0.1:56572
Begin MonoManager ReloadAssembly
Registering precompiled unity dll's ...
Register platform support module: C:/Users/Joost/Documents/school/Unity/2020.3.8f1/Editor/Data/PlaybackEngines/WebGLSupport/UnityEditor.WebGL.Extensions.dll
Register platform support module: C:/Users/Joost/Documents/school/Unity/2020.3.8f1/Editor/Data/PlaybackEngines/WindowsStandaloneSupport/UnityEditor.WindowsStandalone.Extensions.dll
Registered in 0.001833 seconds.
Native extension for WindowsStandalone target not found
Native extension for WebGL target not found
Refreshing native plugins compatible for Editor in 30.29 ms, found 1 plugins.
Preloading 0 native plugins for Editor in 0.00 ms.
Mono: successfully reloaded assembly
- Completed reload, in  0.854 seconds
Platform modules already initialized, skipping
Registering precompiled user dll's ...
Registered in 0.000951 seconds.
Begin MonoManager ReloadAssembly
Native extension for WindowsStandalone target not found
Native extension for WebGL target not found
Refreshing native plugins compatible for Editor in 29.54 ms, found 1 plugins.
Preloading 0 native plugins for Editor in 0.00 ms.
Mono: successfully reloaded assembly
- Completed reload, in  0.736 seconds
Platform modules already initialized, skipping
========================================================================
Worker process is ready to serve import requests
Launched and connected shader compiler UnityShaderCompiler.exe after 0.03 seconds
Refreshing native plugins compatible for Editor in 0.32 ms, found 1 plugins.
Preloading 0 native plugins for Editor in 0.00 ms.
Unloading 1878 Unused Serialized files (Serialized files now loaded: 0)
System memory in use before: 88.6 MB.
System memory in use after: 88.7 MB.

Unloading 19 unused Assets to reduce memory usage. Loaded Objects now: 2325.
Total: 3.334800 ms (FindLiveObjects: 0.428300 ms CreateObjectMapping: 0.298900 ms MarkObjects: 2.489500 ms  DeleteObjects: 0.115600 ms)

========================================================================
Received Import Request.
  path: Assets/Scenes
  artifactKey: Guid(e869007c510f6e149b89e1fb3f4814a8) Importer(815301076,1909f56bfc062723c751e8b465ee728b)
Start importing Assets/Scenes using Guid(e869007c510f6e149b89e1fb3f4814a8) Importer(815301076,1909f56bfc062723c751e8b465ee728b)  -> (artifact id: '630132a61b09f0649b1d59181044c2d5') in 0.005196 seconds
  Import took 0.007656 seconds .

========================================================================
Received Import Request.
  Time since last request: 0.000257 seconds.
  path: Assets/Scenes/Level.unity
  artifactKey: Guid(fa2f72ec5f7916d4eb3a2a155ec35093) Importer(815301076,1909f56bfc062723c751e8b465ee728b)
Start importing Assets/Scenes/Level.unity using Guid(fa2f72ec5f7916d4eb3a2a155ec35093) Importer(815301076,1909f56bfc062723c751e8b465ee728b)  -> (artifact id: '7e991d5d85940b5ff81cc9d0715666b6') in 0.008563 seconds
  Import took 0.010863 seconds .

========================================================================
Received Import Request.
  Time since last request: 43.913647 seconds.
  path: Assets/Objects/DeathEffect.prefab
  artifactKey: Guid(6f65e484451150e42893faa69b17d819) Importer(815301076,1909f56bfc062723c751e8b465ee728b)
Start importing Assets/Objects/DeathEffect.prefab using Guid(6f65e484451150e42893faa69b17d819) Importer(815301076,1909f56bfc062723c751e8b465ee728b)  -> (artifact id: '59ed35d59cd75bca1268efbadbb29a8f') in 0.026813 seconds
  Import took 0.029061 seconds .

========================================================================
Received Import Request.
  Time since last request: 0.000215 seconds.
  path: Assets/Objects/Spawner.prefab
  artifactKey: Guid(87bd9fe0b43f094468d4f503cf189785) Importer(815301076,1909f56bfc062723c751e8b465ee728b)
Start importing Assets/Objects/Spawner.prefab using Guid(87bd9fe0b43f094468d4f503cf189785) Importer(815301076,1909f56bfc062723c751e8b465ee728b)  -> (artifact id: '09d3862d78d0c0293ad34b4cd8a04fe4') in 0.221377 seconds
  Import took 0.223506 seconds .

========================================================================
Received Import Request.
  Time since last request: 0.000109 seconds.
  path: Assets/Objects/HPcell.prefab
  artifactKey: Guid(db2ea9619940c1c43bee5b91dfcbedcc) Importer(815301076,1909f56bfc062723c751e8b465ee728b)
Start importing Assets/Objects/HPcell.prefab using Guid(db2ea9619940c1c43bee5b91dfcbedcc) Importer(815301076,1909f56bfc062723c751e8b465ee728b)  -> (artifact id: '27feb5375256016201f8bb516f99dd6d') in 0.011323 seconds
  Import took 0.013750 seconds .

========================================================================
Received Import Request.
  Time since last request: 0.002165 seconds.
  path: Assets/Objects/HPcell.prefab
  artifactKey: Guid(db2ea9619940c1c43bee5b91dfcbedcc) Importer(815301076,1909f56bfc062723c751e8b465ee728b)
Start importing Assets/Objects/HPcell.prefab using Guid(db2ea9619940c1c43bee5b91dfcbedcc) Importer(815301076,1909f56bfc062723c751e8b465ee728b)  -> (artifact id: '27feb5375256016201f8bb516f99dd6d') in 0.007341 seconds
  Import took 0.009933 seconds .

========================================================================
Received Prepare
Registering precompiled user dll's ...
Registered in 0.000794 seconds.
Begin MonoManager ReloadAssembly
Native extension for WindowsStandalone target not found
Native extension for WebGL target not found
Refreshing native plugins compatible for Editor in 0.33 ms, found 1 plugins.
Preloading 0 native plugins for Editor in 0.00 ms.
Mono: successfully reloaded assembly
- Completed reload, in  0.639 seconds
Platform modules already initialized, skipping
Refreshing native plugins compatible for Editor in 0.33 ms, found 1 plugins.
Preloading 0 native plugins for Editor in 0.00 ms.
Unloading 1856 Unused Serialized files (Serialized files now loaded: 0)
System memory in use before: 89.9 MB.
System memory in use after: 90.0 MB.

Unloading 8 unused Assets to reduce memory usage. Loaded Objects now: 2338.
Total: 1.553800 ms (FindLiveObjects: 0.166700 ms CreateObjectMapping: 0.053800 ms MarkObjects: 1.317700 ms  DeleteObjects: 0.014800 ms)

========================================================================
Received Prepare
Registering precompiled user dll's ...
Registered in 0.000801 seconds.
Begin MonoManager ReloadAssembly
Native extension for WindowsStandalone target not found
Native extension for WebGL target not found
Refreshing native plugins compatible for Editor in 0.34 ms, found 1 plugins.
Preloading 0 native plugins for Editor in 0.00 ms.
Mono: successfully reloaded assembly
- Completed reload, in  0.638 seconds
Platform modules already initialized, skipping
Refreshing native plugins compatible for Editor in 0.33 ms, found 1 plugins.
Preloading 0 native plugins for Editor in 0.00 ms.
Unloading 1856 Unused Serialized files (Serialized files now loaded: 0)
System memory in use before: 90.0 MB.
System memory in use after: 90.1 MB.

Unloading 7 unused Assets to reduce memory usage. Loaded Objects now: 2342.
Total: 1.456800 ms (FindLiveObjects: 0.169200 ms CreateObjectMapping: 0.059100 ms MarkObjects: 1.215800 ms  DeleteObjects: 0.012100 ms)

========================================================================
Received Import Request.
  Time since last request: 562.941907 seconds.
  path: Assets/Scripts/BloatFlyEnemy.cs
  artifactKey: Guid(f4e4f54cc295df84d8ee54dd82dad84c) Importer(815301076,1909f56bfc062723c751e8b465ee728b)
Start importing Assets/Scripts/BloatFlyEnemy.cs using Guid(f4e4f54cc295df84d8ee54dd82dad84c) Importer(815301076,1909f56bfc062723c751e8b465ee728b)  -> (artifact id: 'e0ef291298defc0b52fe5683dfdd57ca') in 0.007756 seconds
  Import took 0.010258 seconds .

========================================================================
Received Import Request.
  Time since last request: 13.307902 seconds.
  path: Assets/Objects/Prefabs/ArmBIO.prefab
  artifactKey: Guid(3d9a77d89000cf448be119bfea7dda78) Importer(815301076,1909f56bfc062723c751e8b465ee728b)
Start importing Assets/Objects/Prefabs/ArmBIO.prefab using Guid(3d9a77d89000cf448be119bfea7dda78) Importer(815301076,1909f56bfc062723c751e8b465ee728b)  -> (artifact id: '80d379aa9052920fc26fa0da563895bd') in 0.041107 seconds
  Import took 0.043531 seconds .

========================================================================
Received Import Request.
  Time since last request: 0.000115 seconds.
  path: Assets/Objects/Prefabs/Bullet.prefab
  artifactKey: Guid(f716202a28ab8ca4a90e317f546ad12b) Importer(815301076,1909f56bfc062723c751e8b465ee728b)
Start importing Assets/Objects/Prefabs/Bullet.prefab using Guid(f716202a28ab8ca4a90e317f546ad12b) Importer(815301076,1909f56bfc062723c751e8b465ee728b)  -> (artifact id: '5ab85afba721cb5e9636f0096a1790d5') in 0.007426 seconds
  Import took 0.009777 seconds .

========================================================================
Received Import Request.
  Time since last request: 0.000135 seconds.
  path: Assets/Objects/Prefabs/ArmFMJ.prefab
  artifactKey: Guid(99b383a37d1c38b44b7071d0bfeb7e94) Importer(815301076,1909f56bfc062723c751e8b465ee728b)
Start importing Assets/Objects/Prefabs/ArmFMJ.prefab using Guid(99b383a37d1c38b44b7071d0bfeb7e94) Importer(815301076,1909f56bfc062723c751e8b465ee728b)  -> (artifact id: '97965e95e0a11c67856af74dc10b078c') in 0.008555 seconds
  Import took 0.011026 seconds .

========================================================================
Received Import Request.
  Time since last request: 0.000113 seconds.
  path: Assets/Objects/Prefabs/Player.prefab
  artifactKey: Guid(2a3d2429b861d5f488caa47248b355c4) Importer(815301076,1909f56bfc062723c751e8b465ee728b)
Start importing Assets/Objects/Prefabs/Player.prefab using Guid(2a3d2429b861d5f488caa47248b355c4) Importer(815301076,1909f56bfc062723c751e8b465ee728b)  -> (artifact id: 'b35a1ea3fe4c45f9170329e4493d65fb') in 0.027026 seconds
  Import took 0.029513 seconds .

========================================================================
Received Import Request.
  Time since last request: 0.000127 seconds.
  path: Assets/Objects/Prefabs/EnemyOld.prefab
  artifactKey: Guid(b281efa15e3a4a140a908417449a1419) Importer(815301076,1909f56bfc062723c751e8b465ee728b)
Start importing Assets/Objects/Prefabs/EnemyOld.prefab using Guid(b281efa15e3a4a140a908417449a1419) Importer(815301076,1909f56bfc062723c751e8b465ee728b)  -> (artifact id: '1a956c8ab94f9ce9e0288191db14909d') in 0.011049 seconds
  Import took 0.013308 seconds .

========================================================================
Received Import Request.
  Time since last request: 0.000123 seconds.
  path: Assets/Objects/Prefabs/SPITTER.prefab
  artifactKey: Guid(4c33ee8531ebc3e48aea8cbb14552352) Importer(815301076,1909f56bfc062723c751e8b465ee728b)
Start importing Assets/Objects/Prefabs/SPITTER.prefab using Guid(4c33ee8531ebc3e48aea8cbb14552352) Importer(815301076,1909f56bfc062723c751e8b465ee728b)  -> (artifact id: '85ce49cb76d6ee04c5a5ec915a71a6c5') in 0.025983 seconds
  Import took 0.028734 seconds .

========================================================================
Received Import Request.
  Time since last request: 0.000116 seconds.
  path: Assets/Objects/Prefabs/BloatFly.prefab
  artifactKey: Guid(c51ef0e886bcdb142b156b7f330f2811) Importer(815301076,1909f56bfc062723c751e8b465ee728b)
Start importing Assets/Objects/Prefabs/BloatFly.prefab using Guid(c51ef0e886bcdb142b156b7f330f2811) Importer(815301076,1909f56bfc062723c751e8b465ee728b)  -> (artifact id: 'df0cea89447613460a73509fb8b90d09') in 0.022207 seconds
  Import took 0.024680 seconds .

========================================================================
Received Import Request.
  Time since last request: 0.000124 seconds.
  path: Assets/Objects/Prefabs/BloatFlyOld.prefab
  artifactKey: Guid(a2e9f4259c4835a46a66a4e58fd1ec7b) Importer(815301076,1909f56bfc062723c751e8b465ee728b)
Start importing Assets/Objects/Prefabs/BloatFlyOld.prefab using Guid(a2e9f4259c4835a46a66a4e58fd1ec7b) Importer(815301076,1909f56bfc062723c751e8b465ee728b)  -> (artifact id: '96fedceb3ec998bf315bf6f0d4856d49') in 0.009693 seconds
  Import took 0.012086 seconds .

========================================================================
Received Import Request.
  Time since last request: 0.001439 seconds.
  path: Assets/Objects/Prefabs/BloatFlyOld.prefab
  artifactKey: Guid(a2e9f4259c4835a46a66a4e58fd1ec7b) Importer(815301076,1909f56bfc062723c751e8b465ee728b)
Start importing Assets/Objects/Prefabs/BloatFlyOld.prefab using Guid(a2e9f4259c4835a46a66a4e58fd1ec7b) Importer(815301076,1909f56bfc062723c751e8b465ee728b)  -> (artifact id: '96fedceb3ec998bf315bf6f0d4856d49') in 0.009365 seconds
  Import took 0.011897 seconds .

========================================================================
Received Import Request.
  Time since last request: 18.985771 seconds.
  path: Assets/Objects/Prefabs/BloatFly.controller
  artifactKey: Guid(b223ce1d59b1c494eadcf706b657b71b) Importer(815301076,1909f56bfc062723c751e8b465ee728b)
Start importing Assets/Objects/Prefabs/BloatFly.controller using Guid(b223ce1d59b1c494eadcf706b657b71b) Importer(815301076,1909f56bfc062723c751e8b465ee728b)  -> (artifact id: 'd90973ec02614c326abce4acd0496527') in 0.004721 seconds
  Import took 0.007187 seconds .

========================================================================
Received Import Request.
  Time since last request: 3.490532 seconds.
  path: Assets/death_effect_bloatfly.anim
  artifactKey: Guid(9785b205e4ade1c4c92c1b3454b2fcf3) Importer(815301076,1909f56bfc062723c751e8b465ee728b)
Start importing Assets/death_effect_bloatfly.anim using Guid(9785b205e4ade1c4c92c1b3454b2fcf3) Importer(815301076,1909f56bfc062723c751e8b465ee728b)  -> (artifact id: '7864d1e256d27f989aa89ce8076c72fa') in 0.004665 seconds
  Import took 0.007068 seconds .

========================================================================
Received Import Request.
  Time since last request: 21.581982 seconds.
  path: Assets/Kamikaze0001.png
  artifactKey: Guid(935f7f38aa4be394787ca171c6fd3ba2) Importer(815301076,1909f56bfc062723c751e8b465ee728b)
Start importing Assets/Kamikaze0001.png using Guid(935f7f38aa4be394787ca171c6fd3ba2) Importer(815301076,1909f56bfc062723c751e8b465ee728b)  -> (artifact id: 'b5d9a3ceec2a7ab1beb7d3691c4747f0') in 0.044626 seconds
  Import took 0.047234 seconds .

========================================================================
Received Import Request.
  Time since last request: 0.000137 seconds.
  path: Assets/Kamikaze0013.png
  artifactKey: Guid(a9a87bbcc86074f4daf57c49cac1cf3d) Importer(815301076,1909f56bfc062723c751e8b465ee728b)
Start importing Assets/Kamikaze0013.png using Guid(a9a87bbcc86074f4daf57c49cac1cf3d) Importer(815301076,1909f56bfc062723c751e8b465ee728b)  -> (artifact id: 'f1eab30d1e02e9e733ea19db6fe8f48d') in 0.007658 seconds
  Import took 0.010080 seconds .

========================================================================
Received Import Request.
  Time since last request: 0.000150 seconds.
  path: Assets/Kamikaze0009.png
  artifactKey: Guid(55b9f00fa25ed3e45a223519c98d736a) Importer(815301076,1909f56bfc062723c751e8b465ee728b)
Start importing Assets/Kamikaze0009.png using Guid(55b9f00fa25ed3e45a223519c98d736a) Importer(815301076,1909f56bfc062723c751e8b465ee728b)  -> (artifact id: '053caf1fd8a6a884ac04d10743186eb7') in 0.007604 seconds
  Import took 0.010211 seconds .

========================================================================
Received Import Request.
  Time since last request: 0.000133 seconds.
  path: Assets/Kamikaze0006.png
  artifactKey: Guid(41c3d210fa391744c9de2ca68382c719) Importer(815301076,1909f56bfc062723c751e8b465ee728b)
Start importing Assets/Kamikaze0006.png using Guid(41c3d210fa391744c9de2ca68382c719) Importer(815301076,1909f56bfc062723c751e8b465ee728b)  -> (artifact id: '7b30172e55c71b0fd65da15c0960d4ee') in 0.009580 seconds
  Import took 0.012434 seconds .

========================================================================
Received Import Request.
  Time since last request: 0.000138 seconds.
  path: Assets/Kamikaze0010.png
  artifactKey: Guid(664e138c9a55e534aa950c15db69ab98) Importer(815301076,1909f56bfc062723c751e8b465ee728b)
Start importing Assets/Kamikaze0010.png using Guid(664e138c9a55e534aa950c15db69ab98) Importer(815301076,1909f56bfc062723c751e8b465ee728b)  -> (artifact id: '2d4589ad738e4c85414d0ff4fa0e6848') in 0.008237 seconds
  Import took 0.010853 seconds .

========================================================================
Received Import Request.
  Time since last request: 0.000145 seconds.
  path: Assets/Kamikaze0015.png
  artifactKey: Guid(f193373ff67132e4dbc14bfdfd0630d7) Importer(815301076,1909f56bfc062723c751e8b465ee728b)
Start importing Assets/Kamikaze0015.png using Guid(f193373ff67132e4dbc14bfdfd0630d7) Importer(815301076,1909f56bfc062723c751e8b465ee728b)  -> (artifact id: '96fcd512e0ecc8216d3de8d1935ffe94') in 0.007794 seconds
  Import took 0.010506 seconds .

========================================================================
Received Import Request.
  Time since last request: 0.000146 seconds.
  path: Assets/Kamikaze0005.png
  artifactKey: Guid(c76ca65f525a55b48847121a66de6e39) Importer(815301076,1909f56bfc062723c751e8b465ee728b)
Start importing Assets/Kamikaze0005.png using Guid(c76ca65f525a55b48847121a66de6e39) Importer(815301076,1909f56bfc062723c751e8b465ee728b)  -> (artifact id: 'b449636736faea2c27a9ce88e387373d') in 0.007752 seconds
  Import took 0.010503 seconds .

========================================================================
Received Import Request.
  Time since last request: 0.000151 seconds.
  path: Assets/Kamikaze0003.png
  artifactKey: Guid(770b42c7e7a249d4ba0e99ab0c598b10) Importer(815301076,1909f56bfc062723c751e8b465ee728b)
Start importing Assets/Kamikaze0003.png using Guid(770b42c7e7a249d4ba0e99ab0c598b10) Importer(815301076,1909f56bfc062723c751e8b465ee728b)  -> (artifact id: '28f3e52590d7ab87fff96124511ba623') in 0.007259 seconds
  Import took 0.009737 seconds .

========================================================================
Received Import Request.
  Time since last request: 0.000136 seconds.
  path: Assets/Kamikaze0016.png
  artifactKey: Guid(f736eb41ffbbb8c4886b62670c83b164) Importer(815301076,1909f56bfc062723c751e8b465ee728b)
Start importing Assets/Kamikaze0016.png using Guid(f736eb41ffbbb8c4886b62670c83b164) Importer(815301076,1909f56bfc062723c751e8b465ee728b)  -> (artifact id: 'a3c1e51c1b03e02af399aa6ffcd4bf79') in 0.007028 seconds
  Import took 0.009355 seconds .

========================================================================
Received Import Request.
  Time since last request: 0.000125 seconds.
  path: Assets/Kamikaze0014.png
  artifactKey: Guid(8677a8e993682d14fa1c8f6aef74f224) Importer(815301076,1909f56bfc062723c751e8b465ee728b)
Start importing Assets/Kamikaze0014.png using Guid(8677a8e993682d14fa1c8f6aef74f224) Importer(815301076,1909f56bfc062723c751e8b465ee728b)  -> (artifact id: 'dc3ef3b996d4a13084e7c031756351b3') in 0.007243 seconds
  Import took 0.009643 seconds .

========================================================================
Received Import Request.
  Time since last request: 0.000125 seconds.
  path: Assets/Kamikaze0011.png
  artifactKey: Guid(546869e7ea031014aa18c33f602c0a89) Importer(815301076,1909f56bfc062723c751e8b465ee728b)
Start importing Assets/Kamikaze0011.png using Guid(546869e7ea031014aa18c33f602c0a89) Importer(815301076,1909f56bfc062723c751e8b465ee728b)  -> (artifact id: '6e21c6f0b66d00883b3741faae10c312') in 0.006894 seconds
  Import took 0.009261 seconds .

========================================================================
Received Import Request.
  Time since last request: 0.000136 seconds.
  path: Assets/Kamikaze0004.png
  artifactKey: Guid(fcedf3f720ba1ab4593ad7a3581a785e) Importer(815301076,1909f56bfc062723c751e8b465ee728b)
Start importing Assets/Kamikaze0004.png using Guid(fcedf3f720ba1ab4593ad7a3581a785e) Importer(815301076,1909f56bfc062723c751e8b465ee728b)  -> (artifact id: '3060ff660a2d0aaec7318451b06c6612') in 0.007865 seconds
  Import took 0.010296 seconds .

========================================================================
Received Import Request.
  Time since last request: 0.000121 seconds.
  path: Assets/Kamikaze0008.png
  artifactKey: Guid(6a321656c0a24564b8c55ccc1bda6af5) Importer(815301076,1909f56bfc062723c751e8b465ee728b)
Start importing Assets/Kamikaze0008.png using Guid(6a321656c0a24564b8c55ccc1bda6af5) Importer(815301076,1909f56bfc062723c751e8b465ee728b)  -> (artifact id: 'ea8453fbff02c82a919a556e44066db0') in 0.007241 seconds
  Import took 0.009460 seconds .

========================================================================
Received Import Request.
  Time since last request: 0.000115 seconds.
  path: Assets/Kamikaze0007.png
  artifactKey: Guid(af09a3df67039a34e9f3e3f704b87591) Importer(815301076,1909f56bfc062723c751e8b465ee728b)
Start importing Assets/Kamikaze0007.png using Guid(af09a3df67039a34e9f3e3f704b87591) Importer(815301076,1909f56bfc062723c751e8b465ee728b)  -> (artifact id: 'a368319fad65cc3d55264a80abb23560') in 0.007152 seconds
  Import took 0.009410 seconds .

========================================================================
Received Import Request.
  Time since last request: 0.000140 seconds.
  path: Assets/Kamikaze0002.png
  artifactKey: Guid(5abd5e5c2d7bd78498d4fe0e1dfbab55) Importer(815301076,1909f56bfc062723c751e8b465ee728b)
Start importing Assets/Kamikaze0002.png using Guid(5abd5e5c2d7bd78498d4fe0e1dfbab55) Importer(815301076,1909f56bfc062723c751e8b465ee728b)  -> (artifact id: '5b131dc43b0d711c9b2651277a3e2868') in 0.007640 seconds
  Import took 0.010072 seconds .

========================================================================
Received Import Request.
  Time since last request: 0.000119 seconds.
  path: Assets/Kamikaze0012.png
  artifactKey: Guid(50449eeee800e46449a83243f17280ce) Importer(815301076,1909f56bfc062723c751e8b465ee728b)
Start importing Assets/Kamikaze0012.png using Guid(50449eeee800e46449a83243f17280ce) Importer(815301076,1909f56bfc062723c751e8b465ee728b)  -> (artifact id: '1d9f0ae5cf76273052154e361891ef5e') in 0.006988 seconds
  Import took 0.009304 seconds .

========================================================================
Received Import Request.
  Time since last request: 0.003323 seconds.
  path: Assets/Kamikaze0012.png
  artifactKey: Guid(50449eeee800e46449a83243f17280ce) Importer(815301076,1909f56bfc062723c751e8b465ee728b)
Start importing Assets/Kamikaze0012.png using Guid(50449eeee800e46449a83243f17280ce) Importer(815301076,1909f56bfc062723c751e8b465ee728b)  -> (artifact id: '1d9f0ae5cf76273052154e361891ef5e') in 0.006698 seconds
  Import took 0.009210 seconds .

========================================================================
Received Import Request.
  Time since last request: 78.312869 seconds.
  path: Assets/Kamikaze0001 1.png
  artifactKey: Guid(ef3d02e040f18994485e603fb4a57c55) Importer(815301076,1909f56bfc062723c751e8b465ee728b)
Start importing Assets/Kamikaze0001 1.png using Guid(ef3d02e040f18994485e603fb4a57c55) Importer(815301076,1909f56bfc062723c751e8b465ee728b)  -> (artifact id: '75be41baf6ca65e6cf8587ce567e119a') in 0.007239 seconds
  Import took 0.009822 seconds .

========================================================================
Received Import Request.
  Time since last request: 4.666495 seconds.
  path: Assets/Kamikaze0001 2.png
  artifactKey: Guid(323776dd2fda82843982f047dc5986b3) Importer(815301076,1909f56bfc062723c751e8b465ee728b)
Start importing Assets/Kamikaze0001 2.png using Guid(323776dd2fda82843982f047dc5986b3) Importer(815301076,1909f56bfc062723c751e8b465ee728b)  -> (artifact id: '55a3deb726b0628112fdc35b8e50f174') in 0.006909 seconds
  Import took 0.009344 seconds .

========================================================================
Received Import Request.
  Time since last request: 0.000116 seconds.
  path: Assets/Kamikaze0001 3.png
  artifactKey: Guid(5ee52bcfa08464641ad8211b63737fd1) Importer(815301076,1909f56bfc062723c751e8b465ee728b)
Start importing Assets/Kamikaze0001 3.png using Guid(5ee52bcfa08464641ad8211b63737fd1) Importer(815301076,1909f56bfc062723c751e8b465ee728b)  -> (artifact id: '1b5a3f7aa857114f743a59767c05d247') in 0.006680 seconds
  Import took 0.008915 seconds .

========================================================================
Received Import Request.
  Time since last request: 20.837716 seconds.
  path: Assets/Kamikaze0001 4.png
  artifactKey: Guid(95b2e0fd27bd38541bdc942596b3a820) Importer(815301076,1909f56bfc062723c751e8b465ee728b)
Start importing Assets/Kamikaze0001 4.png using Guid(95b2e0fd27bd38541bdc942596b3a820) Importer(815301076,1909f56bfc062723c751e8b465ee728b)  -> (artifact id: '2c1dc8bf869ee64573da01fee34b1253') in 0.012102 seconds
  Import took 0.015105 seconds .

========================================================================
Received Import Request.
  Time since last request: 80.359727 seconds.
  path: Assets/Kamikaze0001 1.png
  artifactKey: Guid(5f1a820d13964844ca6929f10520a699) Importer(815301076,1909f56bfc062723c751e8b465ee728b)
Start importing Assets/Kamikaze0001 1.png using Guid(5f1a820d13964844ca6929f10520a699) Importer(815301076,1909f56bfc062723c751e8b465ee728b)  -> (artifact id: '8213d37326e06ac1806e9b95fc3389ef') in 0.007051 seconds
  Import took 0.009709 seconds .

========================================================================
Received Import Request.
  Time since last request: 0.000143 seconds.
  path: Assets/Kamikaze0006 1.png
  artifactKey: Guid(68fee321780321c47b2e9a26fa8f9295) Importer(815301076,1909f56bfc062723c751e8b465ee728b)
Start importing Assets/Kamikaze0006 1.png using Guid(68fee321780321c47b2e9a26fa8f9295) Importer(815301076,1909f56bfc062723c751e8b465ee728b)  -> (artifact id: '84f7d9e0e1642fb83ed07791c0bc585c') in 0.006751 seconds
  Import took 0.009058 seconds .

========================================================================
Received Import Request.
  Time since last request: 0.000150 seconds.
  path: Assets/Kamikaze0005 1.png
  artifactKey: Guid(50b3221d38baf5d498027041a9b96b25) Importer(815301076,1909f56bfc062723c751e8b465ee728b)
Start importing Assets/Kamikaze0005 1.png using Guid(50b3221d38baf5d498027041a9b96b25) Importer(815301076,1909f56bfc062723c751e8b465ee728b)  -> (artifact id: '73705dfe85ce16467a9b4bd73109bb7d') in 0.006969 seconds
  Import took 0.009214 seconds .

========================================================================
Received Import Request.
  Time since last request: 0.000133 seconds.
  path: Assets/Kamikaze0002 1.png
  artifactKey: Guid(4a5f021bd3cb3c94fbc968c66a5fee22) Importer(815301076,1909f56bfc062723c751e8b465ee728b)
Start importing Assets/Kamikaze0002 1.png using Guid(4a5f021bd3cb3c94fbc968c66a5fee22) Importer(815301076,1909f56bfc062723c751e8b465ee728b)  -> (artifact id: 'e7a5f8b7c5af47802d7e05e9cb96a649') in 0.006667 seconds
  Import took 0.008897 seconds .

========================================================================
Received Import Request.
  Time since last request: 0.000112 seconds.
  path: Assets/Kamikaze0003 1.png
  artifactKey: Guid(699556c842ce0d04c8de67277986d47f) Importer(815301076,1909f56bfc062723c751e8b465ee728b)
Start importing Assets/Kamikaze0003 1.png using Guid(699556c842ce0d04c8de67277986d47f) Importer(815301076,1909f56bfc062723c751e8b465ee728b)  -> (artifact id: '7fe252f1bd8061a3d7f375a33dbb2354') in 0.006838 seconds
  Import took 0.009092 seconds .

========================================================================
Received Import Request.
  Time since last request: 0.000123 seconds.
  path: Assets/Kamikaze0004 1.png
  artifactKey: Guid(2ef586e0f745f9846b71805fa39a6efc) Importer(815301076,1909f56bfc062723c751e8b465ee728b)
Start importing Assets/Kamikaze0004 1.png using Guid(2ef586e0f745f9846b71805fa39a6efc) Importer(815301076,1909f56bfc062723c751e8b465ee728b)  -> (artifact id: '90fe86bd487411fc77b22490df24dd09') in 0.006614 seconds
  Import took 0.008807 seconds .

========================================================================
Received Import Request.
  Time since last request: 0.830518 seconds.
  path: Assets/Kamikaze0001 2.png
  artifactKey: Guid(03ec5888eadf16640a5d651230872a43) Importer(815301076,1909f56bfc062723c751e8b465ee728b)
Start importing Assets/Kamikaze0001 2.png using Guid(03ec5888eadf16640a5d651230872a43) Importer(815301076,1909f56bfc062723c751e8b465ee728b)  -> (artifact id: '3553caad545825706cbc65114a0e1a5d') in 0.006995 seconds
  Import took 0.009437 seconds .

========================================================================
Received Import Request.
  Time since last request: 0.000178 seconds.
  path: Assets/Kamikaze0003 2.png
  artifactKey: Guid(db7b43b2c8ca709408f6eaf5caaefdee) Importer(815301076,1909f56bfc062723c751e8b465ee728b)
Start importing Assets/Kamikaze0003 2.png using Guid(db7b43b2c8ca709408f6eaf5caaefdee) Importer(815301076,1909f56bfc062723c751e8b465ee728b)  -> (artifact id: '7f10531024746251e47771d5d84ad4de') in 0.008024 seconds
  Import took 0.013192 seconds .

========================================================================
Received Import Request.
  Time since last request: 0.000512 seconds.
  path: Assets/Kamikaze0004 2.png
  artifactKey: Guid(757bb6096c3e32f40abfe670a3a25e34) Importer(815301076,1909f56bfc062723c751e8b465ee728b)
Start importing Assets/Kamikaze0004 2.png using Guid(757bb6096c3e32f40abfe670a3a25e34) Importer(815301076,1909f56bfc062723c751e8b465ee728b)  -> (artifact id: '923acf0b85b681ae336b51c4a21c4786') in 0.007437 seconds
  Import took 0.013035 seconds .

========================================================================
Received Import Request.
  Time since last request: 0.000134 seconds.
  path: Assets/Kamikaze0005 2.png
  artifactKey: Guid(ac02434afbb712944ad25cb904cae84e) Importer(815301076,1909f56bfc062723c751e8b465ee728b)
Start importing Assets/Kamikaze0005 2.png using Guid(ac02434afbb712944ad25cb904cae84e) Importer(815301076,1909f56bfc062723c751e8b465ee728b)  -> (artifact id: 'db8a1e877a65d09e41aaa92f14316c21') in 0.006543 seconds
  Import took 0.008799 seconds .

========================================================================
Received Import Request.
  Time since last request: 0.000142 seconds.
  path: Assets/Kamikaze0004 3.png
  artifactKey: Guid(f1d693dc33738d64595b2ce9ba516a9c) Importer(815301076,1909f56bfc062723c751e8b465ee728b)
Start importing Assets/Kamikaze0004 3.png using Guid(f1d693dc33738d64595b2ce9ba516a9c) Importer(815301076,1909f56bfc062723c751e8b465ee728b)  -> (artifact id: '72656a9383e4cc0b0cf54d93698718d2') in 0.007771 seconds
  Import took 0.010041 seconds .

========================================================================
Received Import Request.
  Time since last request: 0.000114 seconds.
  path: Assets/Kamikaze0002 2.png
  artifactKey: Guid(79408cd0f0335c246a08d6b22eae13a2) Importer(815301076,1909f56bfc062723c751e8b465ee728b)
Start importing Assets/Kamikaze0002 2.png using Guid(79408cd0f0335c246a08d6b22eae13a2) Importer(815301076,1909f56bfc062723c751e8b465ee728b)  -> (artifact id: 'f2988c68134a72bd5d6d8297686c29a1') in 0.006924 seconds
  Import took 0.009172 seconds .

========================================================================
Received Import Request.
  Time since last request: 34.296050 seconds.
  path: Assets/death_effect_bloatfly.anim
  artifactKey: Guid(9785b205e4ade1c4c92c1b3454b2fcf3) Importer(815301076,1909f56bfc062723c751e8b465ee728b)
Start importing Assets/death_effect_bloatfly.anim using Guid(9785b205e4ade1c4c92c1b3454b2fcf3) Importer(815301076,1909f56bfc062723c751e8b465ee728b)  -> (artifact id: 'c2d722aeaf288ea80155df6199d5e3fb') in 0.003350 seconds
  Import took 0.005801 seconds .

========================================================================
Received Import Request.
  Time since last request: 0.001982 seconds.
  path: Assets/death_effect_bloatfly.anim
  artifactKey: Guid(9785b205e4ade1c4c92c1b3454b2fcf3) Importer(815301076,1909f56bfc062723c751e8b465ee728b)
Start importing Assets/death_effect_bloatfly.anim using Guid(9785b205e4ade1c4c92c1b3454b2fcf3) Importer(815301076,1909f56bfc062723c751e8b465ee728b)  -> (artifact id: 'c2d722aeaf288ea80155df6199d5e3fb') in 0.003044 seconds
  Import took 0.005292 seconds .

========================================================================
Received Prepare
Registering precompiled user dll's ...
Registered in 0.000988 seconds.
Begin MonoManager ReloadAssembly
Native extension for WindowsStandalone target not found
Native extension for WebGL target not found
Refreshing native plugins compatible for Editor in 0.35 ms, found 1 plugins.
Preloading 0 native plugins for Editor in 0.00 ms.
Mono: successfully reloaded assembly
- Completed reload, in  0.641 seconds
Platform modules already initialized, skipping
Refreshing native plugins compatible for Editor in 0.34 ms, found 1 plugins.
Preloading 0 native plugins for Editor in 0.00 ms.
Unloading 1856 Unused Serialized files (Serialized files now loaded: 0)
System memory in use before: 90.3 MB.
System memory in use after: 90.4 MB.

Unloading 7 unused Assets to reduce memory usage. Loaded Objects now: 2350.
Total: 1.509600 ms (FindLiveObjects: 0.188100 ms CreateObjectMapping: 0.067000 ms MarkObjects: 1.240400 ms  DeleteObjects: 0.013100 ms)

========================================================================
Received Prepare
Registering precompiled user dll's ...
Registered in 0.000828 seconds.
Begin MonoManager ReloadAssembly
Native extension for WindowsStandalone target not found
Native extension for WebGL target not found
Refreshing native plugins compatible for Editor in 0.33 ms, found 1 plugins.
Preloading 0 native plugins for Editor in 0.00 ms.
Mono: successfully reloaded assembly
- Completed reload, in  0.623 seconds
Platform modules already initialized, skipping
Refreshing native plugins compatible for Editor in 0.33 ms, found 1 plugins.
Preloading 0 native plugins for Editor in 0.00 ms.
Unloading 1856 Unused Serialized files (Serialized files now loaded: 0)
System memory in use before: 90.3 MB.
System memory in use after: 90.5 MB.

Unloading 7 unused Assets to reduce memory usage. Loaded Objects now: 2354.
Total: 1.407100 ms (FindLiveObjects: 0.148900 ms CreateObjectMapping: 0.050400 ms MarkObjects: 1.196900 ms  DeleteObjects: 0.010200 ms)

========================================================================
Received Prepare
Registering precompiled user dll's ...
Registered in 0.001101 seconds.
Begin MonoManager ReloadAssembly
Native extension for WindowsStandalone target not found
Native extension for WebGL target not found
Refreshing native plugins compatible for Editor in 0.34 ms, found 1 plugins.
Preloading 0 native plugins for Editor in 0.00 ms.
Mono: successfully reloaded assembly
- Completed reload, in  0.630 seconds
Platform modules already initialized, skipping
Refreshing native plugins compatible for Editor in 0.33 ms, found 1 plugins.
Preloading 0 native plugins for Editor in 0.00 ms.
Unloading 1856 Unused Serialized files (Serialized files now loaded: 0)
System memory in use before: 90.4 MB.
System memory in use after: 90.5 MB.

Unloading 7 unused Assets to reduce memory usage. Loaded Objects now: 2358.
Total: 1.454700 ms (FindLiveObjects: 0.154500 ms CreateObjectMapping: 0.051600 ms MarkObjects: 1.236800 ms  DeleteObjects: 0.011000 ms)

========================================================================
Received Import Request.
  Time since last request: 231.344082 seconds.
  path: Assets/Scripts
  artifactKey: Guid(4ae6c6545c7f532438ac4a4c53973278) Importer(815301076,1909f56bfc062723c751e8b465ee728b)
Start importing Assets/Scripts using Guid(4ae6c6545c7f532438ac4a4c53973278) Importer(815301076,1909f56bfc062723c751e8b465ee728b)  -> (artifact id: 'f88e375e204f6e98e4250cc76ed9730f') in 0.005014 seconds
  Import took 0.009022 seconds .

========================================================================
Received Import Request.
  Time since last request: 20.980022 seconds.
  path: Assets/Scripts/EnemyDamage.cs
  artifactKey: Guid(22230327f70fc1949a10958f0012aae7) Importer(815301076,1909f56bfc062723c751e8b465ee728b)
Start importing Assets/Scripts/EnemyDamage.cs using Guid(22230327f70fc1949a10958f0012aae7) Importer(815301076,1909f56bfc062723c751e8b465ee728b)  -> (artifact id: '0cb67082fc62e45c8e5ed0869a82d467') in 0.002879 seconds
  Import took 0.005221 seconds .

========================================================================
Received Prepare
Registering precompiled user dll's ...
Registered in 0.000863 seconds.
Begin MonoManager ReloadAssembly
Native extension for WindowsStandalone target not found
Native extension for WebGL target not found
Refreshing native plugins compatible for Editor in 0.33 ms, found 1 plugins.
Preloading 0 native plugins for Editor in 0.00 ms.
Mono: successfully reloaded assembly
- Completed reload, in  0.618 seconds
Platform modules already initialized, skipping
Refreshing native plugins compatible for Editor in 0.33 ms, found 1 plugins.
Preloading 0 native plugins for Editor in 0.00 ms.
Unloading 1856 Unused Serialized files (Serialized files now loaded: 0)
System memory in use before: 90.4 MB.
System memory in use after: 90.5 MB.

Unloading 7 unused Assets to reduce memory usage. Loaded Objects now: 2362.
Total: 1.403500 ms (FindLiveObjects: 0.152100 ms CreateObjectMapping: 0.053500 ms MarkObjects: 1.187700 ms  DeleteObjects: 0.009700 ms)

========================================================================
Received Prepare
Registering precompiled user dll's ...
Registered in 0.000967 seconds.
Begin MonoManager ReloadAssembly
Native extension for WindowsStandalone target not found
Native extension for WebGL target not found
Refreshing native plugins compatible for Editor in 0.39 ms, found 1 plugins.
Preloading 0 native plugins for Editor in 0.00 ms.
Mono: successfully reloaded assembly
- Completed reload, in  0.645 seconds
Platform modules already initialized, skipping
Refreshing native plugins compatible for Editor in 0.40 ms, found 1 plugins.
Preloading 0 native plugins for Editor in 0.00 ms.
Unloading 1856 Unused Serialized files (Serialized files now loaded: 0)
System memory in use before: 90.4 MB.
System memory in use after: 90.5 MB.

Unloading 7 unused Assets to reduce memory usage. Loaded Objects now: 2366.
Total: 1.590800 ms (FindLiveObjects: 0.164200 ms CreateObjectMapping: 0.068700 ms MarkObjects: 1.345900 ms  DeleteObjects: 0.011300 ms)

========================================================================
Received Prepare
Registering precompiled user dll's ...
Registered in 0.000903 seconds.
Begin MonoManager ReloadAssembly
Native extension for WindowsStandalone target not found
Native extension for WebGL target not found
Refreshing native plugins compatible for Editor in 0.33 ms, found 1 plugins.
Preloading 0 native plugins for Editor in 0.00 ms.
Mono: successfully reloaded assembly
- Completed reload, in  0.615 seconds
Platform modules already initialized, skipping
Refreshing native plugins compatible for Editor in 0.33 ms, found 1 plugins.
Preloading 0 native plugins for Editor in 0.00 ms.
Unloading 1856 Unused Serialized files (Serialized files now loaded: 0)
System memory in use before: 90.4 MB.
System memory in use after: 90.5 MB.

Unloading 7 unused Assets to reduce memory usage. Loaded Objects now: 2370.
Total: 1.386300 ms (FindLiveObjects: 0.145100 ms CreateObjectMapping: 0.051200 ms MarkObjects: 1.179500 ms  DeleteObjects: 0.010000 ms)

========================================================================
Received Import Request.
  Time since last request: 269.268507 seconds.
  path: Assets/Objects/Prefabs/BloatFly.controller
  artifactKey: Guid(b223ce1d59b1c494eadcf706b657b71b) Importer(815301076,1909f56bfc062723c751e8b465ee728b)
Start importing Assets/Objects/Prefabs/BloatFly.controller using Guid(b223ce1d59b1c494eadcf706b657b71b) Importer(815301076,1909f56bfc062723c751e8b465ee728b)  -> (artifact id: 'df2ef5944ceb1471b606765fc6313a8b') in 0.013033 seconds
  Import took 0.015318 seconds .

========================================================================
Received Import Request.
  Time since last request: 110.074260 seconds.
  path: Assets/Scripts/Weapon.cs
  artifactKey: Guid(1853472d958d23246b92645f055ee190) Importer(815301076,1909f56bfc062723c751e8b465ee728b)
Start importing Assets/Scripts/Weapon.cs using Guid(1853472d958d23246b92645f055ee190) Importer(815301076,1909f56bfc062723c751e8b465ee728b)  -> (artifact id: 'af03d894df40ccc89d2d6cf1a3387a28') in 0.002912 seconds
  Import took 0.005463 seconds .

========================================================================
Received Import Request.
  Time since last request: 0.547189 seconds.
  path: Assets/Scripts/SpitterAI.cs
  artifactKey: Guid(03eb12f2368b65546b9ea67181a9dd1e) Importer(815301076,1909f56bfc062723c751e8b465ee728b)
Start importing Assets/Scripts/SpitterAI.cs using Guid(03eb12f2368b65546b9ea67181a9dd1e) Importer(815301076,1909f56bfc062723c751e8b465ee728b)  -> (artifact id: '96fb935faa380c6961d70edb7dfcd431') in 0.002841 seconds
  Import took 0.005229 seconds .

========================================================================
Received Import Request.
  Time since last request: 1.139414 seconds.
  path: Assets/Scripts/SpawnerBloatfly.cs
  artifactKey: Guid(d414d21aa2b46e64ba7a42baab5b73a3) Importer(815301076,1909f56bfc062723c751e8b465ee728b)
Start importing Assets/Scripts/SpawnerBloatfly.cs using Guid(d414d21aa2b46e64ba7a42baab5b73a3) Importer(815301076,1909f56bfc062723c751e8b465ee728b)  -> (artifact id: '16a51c2b21f734e87c467cbf6979395e') in 0.002794 seconds
  Import took 0.005496 seconds .

========================================================================
Received Import Request.
  Time since last request: 0.000838 seconds.
  path: Assets/Scripts/SpawnerBloatfly.cs
  artifactKey: Guid(d414d21aa2b46e64ba7a42baab5b73a3) Importer(815301076,1909f56bfc062723c751e8b465ee728b)
Start importing Assets/Scripts/SpawnerBloatfly.cs using Guid(d414d21aa2b46e64ba7a42baab5b73a3) Importer(815301076,1909f56bfc062723c751e8b465ee728b)  -> (artifact id: '16a51c2b21f734e87c467cbf6979395e') in 0.002688 seconds
  Import took 0.005151 seconds .

========================================================================
Received Import Request.
  Time since last request: 5.098953 seconds.
  path: Assets/Scripts/ShootAngle.cs
  artifactKey: Guid(222f6924a7d03864f955626d8b20e6e7) Importer(815301076,1909f56bfc062723c751e8b465ee728b)
Start importing Assets/Scripts/ShootAngle.cs using Guid(222f6924a7d03864f955626d8b20e6e7) Importer(815301076,1909f56bfc062723c751e8b465ee728b)  -> (artifact id: 'e26c7cf10bc2e8c0ba6e42933bab2484') in 0.002769 seconds
  Import took 0.005118 seconds .

========================================================================
Received Import Request.
  Time since last request: 0.000713 seconds.
  path: Assets/Scripts/ShootAngle.cs
  artifactKey: Guid(222f6924a7d03864f955626d8b20e6e7) Importer(815301076,1909f56bfc062723c751e8b465ee728b)
Start importing Assets/Scripts/ShootAngle.cs using Guid(222f6924a7d03864f955626d8b20e6e7) Importer(815301076,1909f56bfc062723c751e8b465ee728b)  -> (artifact id: 'e26c7cf10bc2e8c0ba6e42933bab2484') in 0.002625 seconds
  Import took 0.004934 seconds .

========================================================================
Received Import Request.
  Time since last request: 0.505843 seconds.
  path: Assets/Scripts/RotateScript.cs
  artifactKey: Guid(d0580fb043ca48445a25fd3f3d818ab1) Importer(815301076,1909f56bfc062723c751e8b465ee728b)
Start importing Assets/Scripts/RotateScript.cs using Guid(d0580fb043ca48445a25fd3f3d818ab1) Importer(815301076,1909f56bfc062723c751e8b465ee728b)  -> (artifact id: '581952e4633e638f4ca89d8e38cd6e84') in 0.003125 seconds
  Import took 0.005472 seconds .

========================================================================
Received Import Request.
  Time since last request: 0.000472 seconds.
  path: Assets/Scripts/RotateScript.cs
  artifactKey: Guid(d0580fb043ca48445a25fd3f3d818ab1) Importer(815301076,1909f56bfc062723c751e8b465ee728b)
Start importing Assets/Scripts/RotateScript.cs using Guid(d0580fb043ca48445a25fd3f3d818ab1) Importer(815301076,1909f56bfc062723c751e8b465ee728b)  -> (artifact id: '581952e4633e638f4ca89d8e38cd6e84') in 0.002607 seconds
  Import took 0.004830 seconds .

========================================================================
Received Import Request.
  Time since last request: 0.373927 seconds.
  path: Assets/Scripts/PlayerControls.cs
  artifactKey: Guid(f2c7900fdca056842ad4663e15bd1c3e) Importer(815301076,1909f56bfc062723c751e8b465ee728b)
Start importing Assets/Scripts/PlayerControls.cs using Guid(f2c7900fdca056842ad4663e15bd1c3e) Importer(815301076,1909f56bfc062723c751e8b465ee728b)  -> (artifact id: 'faa2fb6522d93398932ced8d4166ac4c') in 0.002778 seconds
  Import took 0.005153 seconds .

========================================================================
Received Import Request.
  Time since last request: 0.570266 seconds.
  path: Assets/Scripts/BloatBehaviour.cs
  artifactKey: Guid(38c08c6ee4e5bea4a810de97de24e5da) Importer(815301076,1909f56bfc062723c751e8b465ee728b)
Start importing Assets/Scripts/BloatBehaviour.cs using Guid(38c08c6ee4e5bea4a810de97de24e5da) Importer(815301076,1909f56bfc062723c751e8b465ee728b)  -> (artifact id: 'a16b1d5d0622b147d49bc978511351d3') in 0.002852 seconds
  Import took 0.005337 seconds .

========================================================================
Received Import Request.
  Time since last request: 0.950992 seconds.
  path: Assets/Scripts/BloatFlyAttack.cs
  artifactKey: Guid(af4741a8cfb488c43b1a546182e28623) Importer(815301076,1909f56bfc062723c751e8b465ee728b)
Start importing Assets/Scripts/BloatFlyAttack.cs using Guid(af4741a8cfb488c43b1a546182e28623) Importer(815301076,1909f56bfc062723c751e8b465ee728b)  -> (artifact id: '901f4e5d390e25a45f47ac47613fa5d5') in 0.002733 seconds
  Import took 0.005061 seconds .

========================================================================
Received Import Request.
  Time since last request: 0.000682 seconds.
  path: Assets/Scripts/BloatFlyAttack.cs
  artifactKey: Guid(af4741a8cfb488c43b1a546182e28623) Importer(815301076,1909f56bfc062723c751e8b465ee728b)
Start importing Assets/Scripts/BloatFlyAttack.cs using Guid(af4741a8cfb488c43b1a546182e28623) Importer(815301076,1909f56bfc062723c751e8b465ee728b)  -> (artifact id: '901f4e5d390e25a45f47ac47613fa5d5') in 0.002456 seconds
  Import took 0.004718 seconds .

========================================================================
Received Import Request.
  Time since last request: 22.639648 seconds.
  path: Assets/Scripts/HitBox.cs
  artifactKey: Guid(82fa5c74511e214409839638a1c6d833) Importer(815301076,1909f56bfc062723c751e8b465ee728b)
Start importing Assets/Scripts/HitBox.cs using Guid(82fa5c74511e214409839638a1c6d833) Importer(815301076,1909f56bfc062723c751e8b465ee728b)  -> (artifact id: 'b093fb78f4e1636e19030a745601281e') in 0.002798 seconds
  Import took 0.005173 seconds .

========================================================================
Received Import Request.
  Time since last request: 0.000484 seconds.
  path: Assets/Scripts/HitBox.cs
  artifactKey: Guid(82fa5c74511e214409839638a1c6d833) Importer(815301076,1909f56bfc062723c751e8b465ee728b)
Start importing Assets/Scripts/HitBox.cs using Guid(82fa5c74511e214409839638a1c6d833) Importer(815301076,1909f56bfc062723c751e8b465ee728b)  -> (artifact id: 'b093fb78f4e1636e19030a745601281e') in 0.002487 seconds
  Import took 0.004635 seconds .

========================================================================
Received Import Request.
  Time since last request: 0.456925 seconds.
  path: Assets/Scripts/HPcell.cs
  artifactKey: Guid(cf4cf7a6cacedd448bf2340ac56df2e3) Importer(815301076,1909f56bfc062723c751e8b465ee728b)
Start importing Assets/Scripts/HPcell.cs using Guid(cf4cf7a6cacedd448bf2340ac56df2e3) Importer(815301076,1909f56bfc062723c751e8b465ee728b)  -> (artifact id: 'c640cc27f74d2e4c52d303d0b2dd2ff2') in 0.002723 seconds
  Import took 0.005066 seconds .

========================================================================
Received Import Request.
  Time since last request: 0.000621 seconds.
  path: Assets/Scripts/HPcell.cs
  artifactKey: Guid(cf4cf7a6cacedd448bf2340ac56df2e3) Importer(815301076,1909f56bfc062723c751e8b465ee728b)
Start importing Assets/Scripts/HPcell.cs using Guid(cf4cf7a6cacedd448bf2340ac56df2e3) Importer(815301076,1909f56bfc062723c751e8b465ee728b)  -> (artifact id: 'c640cc27f74d2e4c52d303d0b2dd2ff2') in 0.002545 seconds
  Import took 0.004738 seconds .

========================================================================
Received Import Request.
  Time since last request: 0.429759 seconds.
  path: Assets/Scripts/HPSpawner.cs
  artifactKey: Guid(5500202f7f04aad4d9b23c805c7a16d8) Importer(815301076,1909f56bfc062723c751e8b465ee728b)
Start importing Assets/Scripts/HPSpawner.cs using Guid(5500202f7f04aad4d9b23c805c7a16d8) Importer(815301076,1909f56bfc062723c751e8b465ee728b)  -> (artifact id: 'ee6788a5480f7e73c42d2c87b7aac701') in 0.002740 seconds
  Import took 0.005058 seconds .

========================================================================
Received Import Request.
  Time since last request: 0.001100 seconds.
  path: Assets/Scripts/HPSpawner.cs
  artifactKey: Guid(5500202f7f04aad4d9b23c805c7a16d8) Importer(815301076,1909f56bfc062723c751e8b465ee728b)
Start importing Assets/Scripts/HPSpawner.cs using Guid(5500202f7f04aad4d9b23c805c7a16d8) Importer(815301076,1909f56bfc062723c751e8b465ee728b)  -> (artifact id: 'ee6788a5480f7e73c42d2c87b7aac701') in 0.002441 seconds
  Import took 0.004686 seconds .

========================================================================
Received Import Request.
  Time since last request: 1.357799 seconds.
  path: Assets/Scripts/MainMenu.cs
  artifactKey: Guid(37ddb8d449e916346972d09e104fce6c) Importer(815301076,1909f56bfc062723c751e8b465ee728b)
Start importing Assets/Scripts/MainMenu.cs using Guid(37ddb8d449e916346972d09e104fce6c) Importer(815301076,1909f56bfc062723c751e8b465ee728b)  -> (artifact id: '4b3fccbbf590f4cd7bfe557a35cf943c') in 0.002837 seconds
  Import took 0.005185 seconds .

========================================================================
Received Import Request.
  Time since last request: 0.000365 seconds.
  path: Assets/Scripts/MainMenu.cs
  artifactKey: Guid(37ddb8d449e916346972d09e104fce6c) Importer(815301076,1909f56bfc062723c751e8b465ee728b)
Start importing Assets/Scripts/MainMenu.cs using Guid(37ddb8d449e916346972d09e104fce6c) Importer(815301076,1909f56bfc062723c751e8b465ee728b)  -> (artifact id: '4b3fccbbf590f4cd7bfe557a35cf943c') in 0.002388 seconds
  Import took 0.004632 seconds .

========================================================================
Received Import Request.
  Time since last request: 3.685185 seconds.
  path: Assets/Scripts/MouseCursor.cs
  artifactKey: Guid(9d81bbeb475f45448a9cf63e85d8e03e) Importer(815301076,1909f56bfc062723c751e8b465ee728b)
Start importing Assets/Scripts/MouseCursor.cs using Guid(9d81bbeb475f45448a9cf63e85d8e03e) Importer(815301076,1909f56bfc062723c751e8b465ee728b)  -> (artifact id: 'dd7ee012eca1f4e4b9d9e43e4b5c0499') in 0.002762 seconds
  Import took 0.005162 seconds .

========================================================================
Received Import Request.
  Time since last request: 0.000283 seconds.
  path: Assets/Scripts/MouseCursor.cs
  artifactKey: Guid(9d81bbeb475f45448a9cf63e85d8e03e) Importer(815301076,1909f56bfc062723c751e8b465ee728b)
Start importing Assets/Scripts/MouseCursor.cs using Guid(9d81bbeb475f45448a9cf63e85d8e03e) Importer(815301076,1909f56bfc062723c751e8b465ee728b)  -> (artifact id: 'dd7ee012eca1f4e4b9d9e43e4b5c0499') in 0.002501 seconds
  Import took 0.004633 seconds .

========================================================================
Received Import Request.
  Time since last request: 1.917044 seconds.
  path: Assets/Scripts/Overheating.cs
  artifactKey: Guid(6c757f7bc0d4dae4292eab35a55f1fd6) Importer(815301076,1909f56bfc062723c751e8b465ee728b)
Start importing Assets/Scripts/Overheating.cs using Guid(6c757f7bc0d4dae4292eab35a55f1fd6) Importer(815301076,1909f56bfc062723c751e8b465ee728b)  -> (artifact id: 'd3c266340bb898e787646ce01dc2a952') in 0.002687 seconds
  Import took 0.005094 seconds .

========================================================================
Received Import Request.
  Time since last request: 59.722775 seconds.
  path: Assets/Scripts/Enemy.cs
  artifactKey: Guid(4e12822b61f5847468e6732ff9873c92) Importer(815301076,1909f56bfc062723c751e8b465ee728b)
Start importing Assets/Scripts/Enemy.cs using Guid(4e12822b61f5847468e6732ff9873c92) Importer(815301076,1909f56bfc062723c751e8b465ee728b)  -> (artifact id: 'ec4c1c2a7d103fc7b36ead55499fc933') in 0.002933 seconds
  Import took 0.005343 seconds .

========================================================================
Received Import Request.
  Time since last request: 0.000837 seconds.
  path: Assets/Scripts/Enemy.cs
  artifactKey: Guid(4e12822b61f5847468e6732ff9873c92) Importer(815301076,1909f56bfc062723c751e8b465ee728b)
Start importing Assets/Scripts/Enemy.cs using Guid(4e12822b61f5847468e6732ff9873c92) Importer(815301076,1909f56bfc062723c751e8b465ee728b)  -> (artifact id: 'ec4c1c2a7d103fc7b36ead55499fc933') in 0.002463 seconds
  Import took 0.004646 seconds .

========================================================================
Received Prepare
Registering precompiled user dll's ...
Registered in 0.000911 seconds.
Begin MonoManager ReloadAssembly
Native extension for WindowsStandalone target not found
Native extension for WebGL target not found
Refreshing native plugins compatible for Editor in 0.34 ms, found 1 plugins.
Preloading 0 native plugins for Editor in 0.00 ms.
Mono: successfully reloaded assembly
- Completed reload, in  0.622 seconds
Platform modules already initialized, skipping
Refreshing native plugins compatible for Editor in 0.35 ms, found 1 plugins.
Preloading 0 native plugins for Editor in 0.00 ms.
Unloading 1856 Unused Serialized files (Serialized files now loaded: 0)
System memory in use before: 90.4 MB.
System memory in use after: 90.5 MB.

Unloading 7 unused Assets to reduce memory usage. Loaded Objects now: 2374.
Total: 1.430500 ms (FindLiveObjects: 0.145500 ms CreateObjectMapping: 0.050700 ms MarkObjects: 1.224500 ms  DeleteObjects: 0.009200 ms)

========================================================================
Received Import Request.
  Time since last request: 106.556389 seconds.
  path: Assets/Scripts/Enemy.cs
  artifactKey: Guid(4e12822b61f5847468e6732ff9873c92) Importer(815301076,1909f56bfc062723c751e8b465ee728b)
Start importing Assets/Scripts/Enemy.cs using Guid(4e12822b61f5847468e6732ff9873c92) Importer(815301076,1909f56bfc062723c751e8b465ee728b)  -> (artifact id: '2a12f06bf7ea02e058b6d4fed682bfdf') in 0.004505 seconds
  Import took 0.006663 seconds .

========================================================================
Received Prepare
Registering precompiled user dll's ...
Registered in 0.000879 seconds.
Begin MonoManager ReloadAssembly
Native extension for WindowsStandalone target not found
Native extension for WebGL target not found
Refreshing native plugins compatible for Editor in 0.40 ms, found 1 plugins.
Preloading 0 native plugins for Editor in 0.00 ms.
Mono: successfully reloaded assembly
- Completed reload, in  0.632 seconds
Platform modules already initialized, skipping
Refreshing native plugins compatible for Editor in 0.33 ms, found 1 plugins.
Preloading 0 native plugins for Editor in 0.00 ms.
Unloading 1856 Unused Serialized files (Serialized files now loaded: 0)
System memory in use before: 90.4 MB.
System memory in use after: 90.5 MB.

Unloading 7 unused Assets to reduce memory usage. Loaded Objects now: 2378.
Total: 1.383100 ms (FindLiveObjects: 0.145900 ms CreateObjectMapping: 0.051900 ms MarkObjects: 1.175100 ms  DeleteObjects: 0.009400 ms)

========================================================================
Received Prepare
Registering precompiled user dll's ...
Registered in 0.000893 seconds.
Begin MonoManager ReloadAssembly
Native extension for WindowsStandalone target not found
Native extension for WebGL target not found
Refreshing native plugins compatible for Editor in 0.34 ms, found 1 plugins.
Preloading 0 native plugins for Editor in 0.00 ms.
Mono: successfully reloaded assembly
- Completed reload, in  0.643 seconds
Platform modules already initialized, skipping
Refreshing native plugins compatible for Editor in 0.33 ms, found 1 plugins.
Preloading 0 native plugins for Editor in 0.00 ms.
Unloading 1855 Unused Serialized files (Serialized files now loaded: 0)
System memory in use before: 90.4 MB.
System memory in use after: 90.5 MB.

Unloading 8 unused Assets to reduce memory usage. Loaded Objects now: 2381.
Total: 1.392000 ms (FindLiveObjects: 0.161900 ms CreateObjectMapping: 0.054400 ms MarkObjects: 1.164000 ms  DeleteObjects: 0.011100 ms)

========================================================================
Received Prepare
Registering precompiled user dll's ...
Registered in 0.000927 seconds.
Begin MonoManager ReloadAssembly
Native extension for WindowsStandalone target not found
Native extension for WebGL target not found
Refreshing native plugins compatible for Editor in 0.33 ms, found 1 plugins.
Preloading 0 native plugins for Editor in 0.00 ms.
Mono: successfully reloaded assembly
- Completed reload, in  0.622 seconds
Platform modules already initialized, skipping
Refreshing native plugins compatible for Editor in 0.36 ms, found 1 plugins.
Preloading 0 native plugins for Editor in 0.00 ms.
Unloading 1854 Unused Serialized files (Serialized files now loaded: 0)
System memory in use before: 90.4 MB.
System memory in use after: 90.5 MB.

Unloading 8 unused Assets to reduce memory usage. Loaded Objects now: 2384.
Total: 1.542300 ms (FindLiveObjects: 0.169800 ms CreateObjectMapping: 0.054200 ms MarkObjects: 1.302900 ms  DeleteObjects: 0.014700 ms)

========================================================================
Received Prepare
Registering precompiled user dll's ...
Registered in 0.000891 seconds.
Begin MonoManager ReloadAssembly
Native extension for WindowsStandalone target not found
Native extension for WebGL target not found
Refreshing native plugins compatible for Editor in 0.34 ms, found 1 plugins.
Preloading 0 native plugins for Editor in 0.00 ms.
Mono: successfully reloaded assembly
- Completed reload, in  0.638 seconds
Platform modules already initialized, skipping
Refreshing native plugins compatible for Editor in 0.34 ms, found 1 plugins.
Preloading 0 native plugins for Editor in 0.00 ms.
Unloading 1855 Unused Serialized files (Serialized files now loaded: 0)
System memory in use before: 90.4 MB.
System memory in use after: 90.6 MB.

Unloading 7 unused Assets to reduce memory usage. Loaded Objects now: 2389.
Total: 1.478300 ms (FindLiveObjects: 0.183300 ms CreateObjectMapping: 0.061300 ms MarkObjects: 1.222600 ms  DeleteObjects: 0.010500 ms)

========================================================================
Received Prepare
Registering precompiled user dll's ...
Registered in 0.000786 seconds.
Begin MonoManager ReloadAssembly
Native extension for WindowsStandalone target not found
Native extension for WebGL target not found
Refreshing native plugins compatible for Editor in 0.33 ms, found 1 plugins.
Preloading 0 native plugins for Editor in 0.00 ms.
Mono: successfully reloaded assembly
- Completed reload, in  0.615 seconds
Platform modules already initialized, skipping
Refreshing native plugins compatible for Editor in 0.35 ms, found 1 plugins.
Preloading 0 native plugins for Editor in 0.00 ms.
Unloading 1855 Unused Serialized files (Serialized files now loaded: 0)
System memory in use before: 90.5 MB.
System memory in use after: 90.6 MB.

Unloading 7 unused Assets to reduce memory usage. Loaded Objects now: 2393.
Total: 1.391800 ms (FindLiveObjects: 0.149000 ms CreateObjectMapping: 0.052100 ms MarkObjects: 1.180300 ms  DeleteObjects: 0.009900 ms)

========================================================================
Received Import Request.
  Time since last request: 891.697231 seconds.
  path: ProjectSettings/TagManager.asset
  artifactKey: Guid(00000000000000003000000000000000) Importer(815301076,1909f56bfc062723c751e8b465ee728b)
Start importing ProjectSettings/TagManager.asset using Guid(00000000000000003000000000000000) Importer(815301076,1909f56bfc062723c751e8b465ee728b)  -> (artifact id: '84a739df72150142ab5649cb5f8e7e02') in 0.014047 seconds
  Import took 0.016499 seconds .

========================================================================
Received Import Request.
  Time since last request: 790.437662 seconds.
  path: Assets/Scripts/Enemy.cs
  artifactKey: Guid(4e12822b61f5847468e6732ff9873c92) Importer(815301076,1909f56bfc062723c751e8b465ee728b)
Start importing Assets/Scripts/Enemy.cs using Guid(4e12822b61f5847468e6732ff9873c92) Importer(815301076,1909f56bfc062723c751e8b465ee728b)  -> (artifact id: '39e58b02c8b0a63041896b84c2bf9f40') in 0.002664 seconds
  Import took 0.005348 seconds .

========================================================================
Received Prepare
Registering precompiled user dll's ...
Registered in 0.000842 seconds.
Begin MonoManager ReloadAssembly
Native extension for WindowsStandalone target not found
Native extension for WebGL target not found
Refreshing native plugins compatible for Editor in 0.35 ms, found 1 plugins.
Preloading 0 native plugins for Editor in 0.00 ms.
Mono: successfully reloaded assembly
- Completed reload, in  0.624 seconds
Platform modules already initialized, skipping
Refreshing native plugins compatible for Editor in 0.33 ms, found 1 plugins.
Preloading 0 native plugins for Editor in 0.00 ms.
Unloading 1855 Unused Serialized files (Serialized files now loaded: 0)
System memory in use before: 90.5 MB.
System memory in use after: 90.6 MB.

Unloading 8 unused Assets to reduce memory usage. Loaded Objects now: 2397.
Total: 1.589000 ms (FindLiveObjects: 0.151800 ms CreateObjectMapping: 0.050800 ms MarkObjects: 1.375400 ms  DeleteObjects: 0.010300 ms)

========================================================================
Received Import Request.
  Time since last request: 389.916121 seconds.
  path: Assets/Scripts/Enemy.cs
  artifactKey: Guid(4e12822b61f5847468e6732ff9873c92) Importer(815301076,1909f56bfc062723c751e8b465ee728b)
Start importing Assets/Scripts/Enemy.cs using Guid(4e12822b61f5847468e6732ff9873c92) Importer(815301076,1909f56bfc062723c751e8b465ee728b)  -> (artifact id: '9f5666fb24ec432d1010fc8d0ad1ed47') in 0.004297 seconds
  Import took 0.006350 seconds .

========================================================================
Received Prepare
Registering precompiled user dll's ...
Registered in 0.000879 seconds.
Begin MonoManager ReloadAssembly
Native extension for WindowsStandalone target not found
Native extension for WebGL target not found
Refreshing native plugins compatible for Editor in 0.37 ms, found 1 plugins.
Preloading 0 native plugins for Editor in 0.00 ms.
Mono: successfully reloaded assembly
- Completed reload, in  0.627 seconds
Platform modules already initialized, skipping
Refreshing native plugins compatible for Editor in 0.33 ms, found 1 plugins.
Preloading 0 native plugins for Editor in 0.00 ms.
Unloading 1855 Unused Serialized files (Serialized files now loaded: 0)
System memory in use before: 90.5 MB.
System memory in use after: 90.6 MB.

Unloading 7 unused Assets to reduce memory usage. Loaded Objects now: 2401.
Total: 1.403400 ms (FindLiveObjects: 0.148600 ms CreateObjectMapping: 0.051800 ms MarkObjects: 1.192900 ms  DeleteObjects: 0.009500 ms)

========================================================================
Received Prepare
Registering precompiled user dll's ...
Registered in 0.000762 seconds.
Begin MonoManager ReloadAssembly
Native extension for WindowsStandalone target not found
Native extension for WebGL target not found
Refreshing native plugins compatible for Editor in 0.33 ms, found 1 plugins.
Preloading 0 native plugins for Editor in 0.00 ms.
Mono: successfully reloaded assembly
- Completed reload, in  0.626 seconds
Platform modules already initialized, skipping
Refreshing native plugins compatible for Editor in 0.32 ms, found 1 plugins.
Preloading 0 native plugins for Editor in 0.00 ms.
Unloading 1855 Unused Serialized files (Serialized files now loaded: 0)
System memory in use before: 90.5 MB.
System memory in use after: 90.6 MB.

Unloading 7 unused Assets to reduce memory usage. Loaded Objects now: 2405.
Total: 1.383100 ms (FindLiveObjects: 0.145800 ms CreateObjectMapping: 0.051700 ms MarkObjects: 1.175200 ms  DeleteObjects: 0.009900 ms)

========================================================================
Received Prepare
Registering precompiled user dll's ...
Registered in 0.000785 seconds.
Begin MonoManager ReloadAssembly
Native extension for WindowsStandalone target not found
Native extension for WebGL target not found
Refreshing native plugins compatible for Editor in 0.33 ms, found 1 plugins.
Preloading 0 native plugins for Editor in 0.00 ms.
Mono: successfully reloaded assembly
- Completed reload, in  0.603 seconds
Platform modules already initialized, skipping
Refreshing native plugins compatible for Editor in 0.33 ms, found 1 plugins.
Preloading 0 native plugins for Editor in 0.00 ms.
Unloading 1855 Unused Serialized files (Serialized files now loaded: 0)
System memory in use before: 90.5 MB.
System memory in use after: 90.6 MB.

Unloading 7 unused Assets to reduce memory usage. Loaded Objects now: 2409.
Total: 1.392300 ms (FindLiveObjects: 0.145700 ms CreateObjectMapping: 0.050600 ms MarkObjects: 1.185900 ms  DeleteObjects: 0.009600 ms)

========================================================================
Received Import Request.
  Time since last request: 429.641428 seconds.
  path: Assets/Objects
  artifactKey: Guid(cee24d10fb4c64149876298ca0b5f7c3) Importer(815301076,1909f56bfc062723c751e8b465ee728b)
Start importing Assets/Objects using Guid(cee24d10fb4c64149876298ca0b5f7c3) Importer(815301076,1909f56bfc062723c751e8b465ee728b)  -> (artifact id: '8904fc47c31f592a1390da0e8cf63074') in 0.004833 seconds
  Import took 0.007276 seconds .

========================================================================
Received Import Request.
  Time since last request: 38.600811 seconds.
  path: Assets
  artifactKey: Guid(00000000000000001000000000000000) Importer(815301076,1909f56bfc062723c751e8b465ee728b)
Start importing Assets using Guid(00000000000000001000000000000000) Importer(815301076,1909f56bfc062723c751e8b465ee728b)  -> (artifact id: '42d402b061de3733987d63b9cc3b64de') in 0.002945 seconds
  Import took 0.005371 seconds .

========================================================================
Received Import Request.
  Time since last request: 35.154678 seconds.
  path: Assets/controller_death.controller
  artifactKey: Guid(bf373e6bd9054e748b8aa137057fcf72) Importer(815301076,1909f56bfc062723c751e8b465ee728b)
Start importing Assets/controller_death.controller using Guid(bf373e6bd9054e748b8aa137057fcf72) Importer(815301076,1909f56bfc062723c751e8b465ee728b)  -> (artifact id: '1460103094489e96d86ce33d67828e34') in 0.009697 seconds
  Import took 0.012194 seconds .

========================================================================
Received Prepare
Registering precompiled user dll's ...
Registered in 0.000880 seconds.
Begin MonoManager ReloadAssembly
Native extension for WindowsStandalone target not found
Native extension for WebGL target not found
Refreshing native plugins compatible for Editor in 0.35 ms, found 1 plugins.
Preloading 0 native plugins for Editor in 0.00 ms.
Mono: successfully reloaded assembly
- Completed reload, in  0.625 seconds
Platform modules already initialized, skipping
Refreshing native plugins compatible for Editor in 0.38 ms, found 1 plugins.
Preloading 0 native plugins for Editor in 0.00 ms.
Unloading 1856 Unused Serialized files (Serialized files now loaded: 0)
System memory in use before: 90.5 MB.
System memory in use after: 90.6 MB.

Unloading 7 unused Assets to reduce memory usage. Loaded Objects now: 2414.
Total: 1.634800 ms (FindLiveObjects: 0.203500 ms CreateObjectMapping: 0.075500 ms MarkObjects: 1.344400 ms  DeleteObjects: 0.010800 ms)

========================================================================
Received Import Request.
  Time since last request: 132.983738 seconds.
  path: Assets/Scripts/NewBehaviourScript.cs
  artifactKey: Guid(e95eabc5b95a2cf4b9105a0fffe0042d) Importer(815301076,1909f56bfc062723c751e8b465ee728b)
Start importing Assets/Scripts/NewBehaviourScript.cs using Guid(e95eabc5b95a2cf4b9105a0fffe0042d) Importer(815301076,1909f56bfc062723c751e8b465ee728b)  -> (artifact id: 'd3dafb9f43c0754560b3d851a2fdffa3') in 0.004854 seconds
  Import took 0.007253 seconds .

========================================================================
Received Import Request.
  Time since last request: 85.154807 seconds.
  path: Assets/Scripts/Death.cs
  artifactKey: Guid(e95eabc5b95a2cf4b9105a0fffe0042d) Importer(815301076,1909f56bfc062723c751e8b465ee728b)
Start importing Assets/Scripts/Death.cs using Guid(e95eabc5b95a2cf4b9105a0fffe0042d) Importer(815301076,1909f56bfc062723c751e8b465ee728b)  -> (artifact id: 'ae3e35804548fc03797d028fa18a318a') in 0.002973 seconds
  Import took 0.005642 seconds .

========================================================================
Received Prepare
Registering precompiled user dll's ...
Registered in 0.001152 seconds.
Begin MonoManager ReloadAssembly
Native extension for WindowsStandalone target not found
Native extension for WebGL target not found
Refreshing native plugins compatible for Editor in 0.33 ms, found 1 plugins.
Preloading 0 native plugins for Editor in 0.00 ms.
Mono: successfully reloaded assembly
- Completed reload, in  0.622 seconds
Platform modules already initialized, skipping
Refreshing native plugins compatible for Editor in 0.51 ms, found 1 plugins.
Preloading 0 native plugins for Editor in 0.00 ms.
Unloading 1856 Unused Serialized files (Serialized files now loaded: 0)
System memory in use before: 90.5 MB.
System memory in use after: 90.6 MB.

Unloading 7 unused Assets to reduce memory usage. Loaded Objects now: 2418.
Total: 2.588700 ms (FindLiveObjects: 0.177600 ms CreateObjectMapping: 0.078700 ms MarkObjects: 2.320500 ms  DeleteObjects: 0.011200 ms)

========================================================================
Received Prepare
Registering precompiled user dll's ...
Registered in 0.000965 seconds.
Begin MonoManager ReloadAssembly
Native extension for WindowsStandalone target not found
Native extension for WebGL target not found
Refreshing native plugins compatible for Editor in 0.33 ms, found 1 plugins.
Preloading 0 native plugins for Editor in 0.00 ms.
Mono: successfully reloaded assembly
- Completed reload, in  0.611 seconds
Platform modules already initialized, skipping
Refreshing native plugins compatible for Editor in 0.33 ms, found 1 plugins.
Preloading 0 native plugins for Editor in 0.00 ms.
Unloading 1856 Unused Serialized files (Serialized files now loaded: 0)
System memory in use before: 90.5 MB.
System memory in use after: 90.7 MB.

Unloading 7 unused Assets to reduce memory usage. Loaded Objects now: 2422.
Total: 1.422800 ms (FindLiveObjects: 0.149700 ms CreateObjectMapping: 0.051400 ms MarkObjects: 1.208100 ms  DeleteObjects: 0.013100 ms)

========================================================================
Received Import Request.
  Time since last request: 54.435754 seconds.
  path: Assets/Scripts/Death.cs
  artifactKey: Guid(e95eabc5b95a2cf4b9105a0fffe0042d) Importer(815301076,1909f56bfc062723c751e8b465ee728b)
Start importing Assets/Scripts/Death.cs using Guid(e95eabc5b95a2cf4b9105a0fffe0042d) Importer(815301076,1909f56bfc062723c751e8b465ee728b)  -> (artifact id: 'f38d22d97740b43c8ff2fee9065875e8') in 0.004419 seconds
  Import took 0.006596 seconds .

========================================================================
Received Import Request.
  Time since last request: 16.736462 seconds.
  path: Assets/Objects/DeathEffect.prefab
  artifactKey: Guid(6f65e484451150e42893faa69b17d819) Importer(815301076,1909f56bfc062723c751e8b465ee728b)
Start importing Assets/Objects/DeathEffect.prefab using Guid(6f65e484451150e42893faa69b17d819) Importer(815301076,1909f56bfc062723c751e8b465ee728b)  -> (artifact id: '492eceea9cf1c8cb8661b98b8df37283') in 0.017618 seconds
  Import took 0.020110 seconds .

========================================================================
Received Prepare
Registering precompiled user dll's ...
Registered in 0.001024 seconds.
Begin MonoManager ReloadAssembly
Native extension for WindowsStandalone target not found
Native extension for WebGL target not found
Refreshing native plugins compatible for Editor in 0.33 ms, found 1 plugins.
Preloading 0 native plugins for Editor in 0.00 ms.
Mono: successfully reloaded assembly
- Completed reload, in  0.627 seconds
Platform modules already initialized, skipping
Refreshing native plugins compatible for Editor in 0.34 ms, found 1 plugins.
Preloading 0 native plugins for Editor in 0.00 ms.
Unloading 1856 Unused Serialized files (Serialized files now loaded: 0)
System memory in use before: 90.6 MB.
System memory in use after: 90.7 MB.

Unloading 7 unused Assets to reduce memory usage. Loaded Objects now: 2426.
Total: 1.446800 ms (FindLiveObjects: 0.155600 ms CreateObjectMapping: 0.052400 ms MarkObjects: 1.228200 ms  DeleteObjects: 0.010000 ms)

========================================================================
Received Prepare
Registering precompiled user dll's ...
Registered in 0.000750 seconds.
Begin MonoManager ReloadAssembly
Native extension for WindowsStandalone target not found
Native extension for WebGL target not found
Refreshing native plugins compatible for Editor in 0.33 ms, found 1 plugins.
Preloading 0 native plugins for Editor in 0.00 ms.
Mono: successfully reloaded assembly
- Completed reload, in  0.632 seconds
Platform modules already initialized, skipping
Refreshing native plugins compatible for Editor in 0.34 ms, found 1 plugins.
Preloading 0 native plugins for Editor in 0.00 ms.
Unloading 1856 Unused Serialized files (Serialized files now loaded: 0)
System memory in use before: 90.6 MB.
System memory in use after: 90.7 MB.

Unloading 7 unused Assets to reduce memory usage. Loaded Objects now: 2430.
Total: 1.526800 ms (FindLiveObjects: 0.159700 ms CreateObjectMapping: 0.055000 ms MarkObjects: 1.300900 ms  DeleteObjects: 0.010500 ms)

========================================================================
Received Prepare
Registering precompiled user dll's ...
Registered in 0.000781 seconds.
Begin MonoManager ReloadAssembly
Native extension for WindowsStandalone target not found
Native extension for WebGL target not found
Refreshing native plugins compatible for Editor in 0.33 ms, found 1 plugins.
Preloading 0 native plugins for Editor in 0.00 ms.
Mono: successfully reloaded assembly
- Completed reload, in  0.628 seconds
Platform modules already initialized, skipping
Refreshing native plugins compatible for Editor in 0.32 ms, found 1 plugins.
Preloading 0 native plugins for Editor in 0.00 ms.
Unloading 1856 Unused Serialized files (Serialized files now loaded: 0)
System memory in use before: 90.6 MB.
System memory in use after: 90.7 MB.

Unloading 7 unused Assets to reduce memory usage. Loaded Objects now: 2434.
Total: 1.398200 ms (FindLiveObjects: 0.147600 ms CreateObjectMapping: 0.051900 ms MarkObjects: 1.188200 ms  DeleteObjects: 0.009900 ms)

========================================================================
Received Import Request.
  Time since last request: 239.546978 seconds.
  path: Assets/Scripts/BulletTriangle.cs
  artifactKey: Guid(84b41448a50b0644c9d3247215ec8cfd) Importer(815301076,1909f56bfc062723c751e8b465ee728b)
Start importing Assets/Scripts/BulletTriangle.cs using Guid(84b41448a50b0644c9d3247215ec8cfd) Importer(815301076,1909f56bfc062723c751e8b465ee728b)  -> (artifact id: 'daaf505e4d2aed726f8d45001557f702') in 0.004733 seconds
  Import took 0.006813 seconds .

========================================================================
Received Import Request.
  Time since last request: 2.975128 seconds.
  path: Assets/Scripts/BloatBehaviour.cs
  artifactKey: Guid(38c08c6ee4e5bea4a810de97de24e5da) Importer(815301076,1909f56bfc062723c751e8b465ee728b)
Start importing Assets/Scripts/BloatBehaviour.cs using Guid(38c08c6ee4e5bea4a810de97de24e5da) Importer(815301076,1909f56bfc062723c751e8b465ee728b)  -> (artifact id: 'ced4665dbc9663deb40b4dcf64690abd') in 0.002876 seconds
  Import took 0.005185 seconds .

========================================================================
Received Import Request.
  Time since last request: 0.016740 seconds.
  path: Assets/Scripts/BloatBehaviour.cs
  artifactKey: Guid(38c08c6ee4e5bea4a810de97de24e5da) Importer(815301076,1909f56bfc062723c751e8b465ee728b)
Start importing Assets/Scripts/BloatBehaviour.cs using Guid(38c08c6ee4e5bea4a810de97de24e5da) Importer(815301076,1909f56bfc062723c751e8b465ee728b)  -> (artifact id: 'ced4665dbc9663deb40b4dcf64690abd') in 0.002797 seconds
  Import took 0.005072 seconds .

========================================================================
Received Prepare
Registering precompiled user dll's ...
Registered in 0.001073 seconds.
Begin MonoManager ReloadAssembly
Native extension for WindowsStandalone target not found
Native extension for WebGL target not found
Refreshing native plugins compatible for Editor in 0.33 ms, found 1 plugins.
Preloading 0 native plugins for Editor in 0.00 ms.
Mono: successfully reloaded assembly
- Completed reload, in  0.606 seconds
Platform modules already initialized, skipping
Refreshing native plugins compatible for Editor in 0.34 ms, found 1 plugins.
Preloading 0 native plugins for Editor in 0.00 ms.
Unloading 1856 Unused Serialized files (Serialized files now loaded: 0)
System memory in use before: 90.6 MB.
System memory in use after: 90.7 MB.

Unloading 7 unused Assets to reduce memory usage. Loaded Objects now: 2438.
Total: 1.423400 ms (FindLiveObjects: 0.155400 ms CreateObjectMapping: 0.053800 ms MarkObjects: 1.203700 ms  DeleteObjects: 0.009800 ms)

========================================================================
Received Prepare
Registering precompiled user dll's ...
Registered in 0.001030 seconds.
Begin MonoManager ReloadAssembly
Native extension for WindowsStandalone target not found
Native extension for WebGL target not found
Refreshing native plugins compatible for Editor in 0.34 ms, found 1 plugins.
Preloading 0 native plugins for Editor in 0.00 ms.
Mono: successfully reloaded assembly
- Completed reload, in  0.649 seconds
Platform modules already initialized, skipping
Refreshing native plugins compatible for Editor in 0.34 ms, found 1 plugins.
Preloading 0 native plugins for Editor in 0.00 ms.
Unloading 1856 Unused Serialized files (Serialized files now loaded: 0)
System memory in use before: 90.6 MB.
System memory in use after: 90.7 MB.

Unloading 7 unused Assets to reduce memory usage. Loaded Objects now: 2442.
Total: 1.442200 ms (FindLiveObjects: 0.159900 ms CreateObjectMapping: 0.052000 ms MarkObjects: 1.218100 ms  DeleteObjects: 0.011500 ms)

========================================================================
Received Import Request.
  Time since last request: 467.445303 seconds.
  path: Assets/Objects/DeathEffect.prefab
  artifactKey: Guid(6f65e484451150e42893faa69b17d819) Importer(815301076,1909f56bfc062723c751e8b465ee728b)
Start importing Assets/Objects/DeathEffect.prefab using Guid(6f65e484451150e42893faa69b17d819) Importer(815301076,1909f56bfc062723c751e8b465ee728b)  -> (artifact id: '8d1a2171bb0ff4b04eb0df0db5016fb1') in 0.021638 seconds
  Import took 0.024297 seconds .

========================================================================
Received Prepare
Registering precompiled user dll's ...
Registered in 0.000909 seconds.
Begin MonoManager ReloadAssembly
Native extension for WindowsStandalone target not found
Native extension for WebGL target not found
Refreshing native plugins compatible for Editor in 0.33 ms, found 1 plugins.
Preloading 0 native plugins for Editor in 0.00 ms.
Mono: successfully reloaded assembly
- Completed reload, in  0.643 seconds
Platform modules already initialized, skipping
Refreshing native plugins compatible for Editor in 0.33 ms, found 1 plugins.
Preloading 0 native plugins for Editor in 0.00 ms.
Unloading 1856 Unused Serialized files (Serialized files now loaded: 0)
System memory in use before: 90.6 MB.
System memory in use after: 90.7 MB.

Unloading 7 unused Assets to reduce memory usage. Loaded Objects now: 2446.
Total: 1.527800 ms (FindLiveObjects: 0.171800 ms CreateObjectMapping: 0.061100 ms MarkObjects: 1.281400 ms  DeleteObjects: 0.012800 ms)

========================================================================
Received Import Request.
  Time since last request: 37.834809 seconds.
  path: Assets/Objects/DeathEffect.prefab
  artifactKey: Guid(6f65e484451150e42893faa69b17d819) Importer(815301076,1909f56bfc062723c751e8b465ee728b)
Start importing Assets/Objects/DeathEffect.prefab using Guid(6f65e484451150e42893faa69b17d819) Importer(815301076,1909f56bfc062723c751e8b465ee728b)  -> (artifact id: 'b10c4406f73f7579b3d970eff06a87a4') in 0.018099 seconds
  Import took 0.020583 seconds .

========================================================================
Received Import Request.
  Time since last request: 1.169464 seconds.
  path: Assets/Objects/DeathEffect.prefab
  artifactKey: Guid(6f65e484451150e42893faa69b17d819) Importer(815301076,1909f56bfc062723c751e8b465ee728b)
Start importing Assets/Objects/DeathEffect.prefab using Guid(6f65e484451150e42893faa69b17d819) Importer(815301076,1909f56bfc062723c751e8b465ee728b)  -> (artifact id: '344a34bf3d24272962f270bf78d71883') in 0.003757 seconds
  Import took 0.006200 seconds .

========================================================================
Received Import Request.
  Time since last request: 4.228673 seconds.
  path: Assets/Objects/DeathEffect.prefab
  artifactKey: Guid(6f65e484451150e42893faa69b17d819) Importer(815301076,1909f56bfc062723c751e8b465ee728b)
Start importing Assets/Objects/DeathEffect.prefab using Guid(6f65e484451150e42893faa69b17d819) Importer(815301076,1909f56bfc062723c751e8b465ee728b)  -> (artifact id: '7035eba3bb530f3efb7db05ee3e0e8c9') in 0.003642 seconds
  Import took 0.006120 seconds .

========================================================================
Received Prepare
Registering precompiled user dll's ...
Registered in 0.001119 seconds.
Begin MonoManager ReloadAssembly
Native extension for WindowsStandalone target not found
Native extension for WebGL target not found
Refreshing native plugins compatible for Editor in 0.32 ms, found 1 plugins.
Preloading 0 native plugins for Editor in 0.00 ms.
Mono: successfully reloaded assembly
- Completed reload, in  0.636 seconds
Platform modules already initialized, skipping
Refreshing native plugins compatible for Editor in 0.33 ms, found 1 plugins.
Preloading 0 native plugins for Editor in 0.00 ms.
Unloading 1856 Unused Serialized files (Serialized files now loaded: 0)
System memory in use before: 90.6 MB.
System memory in use after: 90.7 MB.

Unloading 7 unused Assets to reduce memory usage. Loaded Objects now: 2450.
Total: 1.406000 ms (FindLiveObjects: 0.150600 ms CreateObjectMapping: 0.049900 ms MarkObjects: 1.194400 ms  DeleteObjects: 0.010300 ms)

AssetImportWorkerClient::OnTransportError - code=2 error=End of file
